<?xml version="1.0" encoding="UTF-8"?>
<!-- Generated by org.testng.reporters.JUnitReportReporter -->
<testsuite skipped="0" hostname="LAPTOP-B42SM0L4" name="PocTest" tests="1" failures="0" timestamp="2021-10-08T02:55:36 SGT" time="17.787" errors="0">
  <testcase name="myPOC" time="17.787" classname="PocTest"/>
  <system-out/>
</testsuite> <!-- PocTest -->
